Vibernate-2/manifest-merger-release-report.txt
-- Merging decision tree log ---
manifest
ADDED from AndroidManifest.xml:2:1
	package
		ADDED from AndroidManifest.xml:3:11
	android:versionName
		ADDED from AndroidManifest.xml:5:11
	android:versionCode
		ADDED from AndroidManifest.xml:4:11
		INJECTED from AndroidManifest.xml:0:0
		INJECTED from AndroidManifest.xml:0:0
	xmlns:android
		ADDED from AndroidManifest.xml:2:11
uses-sdk
ADDED from AndroidManifest.xml:7:5
MERGED from com.android.support:support-v13:21.0.3:15:5
MERGED from com.android.support:support-v4:21.0.3:15:5
MERGED from com.android.support:appcompat-v7:21.0.3:15:5
MERGED from com.android.support:support-v4:21.0.3:15:5
MERGED from com.android.support:support-v4:21.0.3:15:5
MERGED from com.daimajia.swipelayout:library:1.2.0:6:5
MERGED from com.android.support:recyclerview-v7:21.0.3:15:5
MERGED from com.android.support:support-v4:21.0.3:15:5
MERGED from com.viewpagerindicator:library:2.4.1:3:5
MERGED from com.google.android.gms:play-services:6.1.71:15:5
MERGED from com.android.support:support-v4:21.0.3:15:5
MERGED from com.getbase:floatingactionbutton:1.9.1:8:5
	android:targetSdkVersion
		ADDED from AndroidManifest.xml:9:13
	android:minSdkVersion
		ADDED from AndroidManifest.xml:8:13
uses-permission#android.permission.RECEIVE_BOOT_COMPLETED
ADDED from AndroidManifest.xml:11:5
	android:name
		ADDED from AndroidManifest.xml:11:22
uses-permission#android.permission.INTERNET
ADDED from AndroidManifest.xml:14:5
	android:name
		ADDED from AndroidManifest.xml:14:22
uses-permission#android.permission.ACCESS_NETWORK_STATE
ADDED from AndroidManifest.xml:15:5
	android:name
		ADDED from AndroidManifest.xml:15:22
uses-permission#android.permission.WRITE_EXTERNAL_STORAGE
ADDED from AndroidManifest.xml:18:5
	android:name
		ADDED from AndroidManifest.xml:18:22
uses-permission#android.permission.READ_LOGS
ADDED from AndroidManifest.xml:19:5
	android:name
		ADDED from AndroidManifest.xml:19:22
application
ADDED from AndroidManifest.xml:21:5
MERGED from com.android.support:support-v13:21.0.3:16:5
MERGED from com.android.support:support-v4:21.0.3:16:5
MERGED from com.android.support:appcompat-v7:21.0.3:16:5
MERGED from com.android.support:support-v4:21.0.3:16:5
MERGED from com.android.support:support-v4:21.0.3:16:5
MERGED from com.android.support:recyclerview-v7:21.0.3:17:5
MERGED from com.android.support:support-v4:21.0.3:16:5
MERGED from com.google.android.gms:play-services:6.1.71:16:5
MERGED from com.android.support:support-v4:21.0.3:16:5
MERGED from com.getbase:floatingactionbutton:1.9.1:12:5
	android:label
		ADDED from AndroidManifest.xml:24:13
	android:allowBackup
		ADDED from AndroidManifest.xml:22:13
	android:icon
		ADDED from AndroidManifest.xml:23:13
	android:theme
		ADDED from AndroidManifest.xml:25:13
meta-data#com.google.android.gms.version
ADDED from AndroidManifest.xml:27:9
	android:value
		ADDED from AndroidManifest.xml:29:17
	android:name
		ADDED from AndroidManifest.xml:28:17
meta-data#com.google.android.gms.analytics.globalConfigResource
ADDED from AndroidManifest.xml:31:9
	android:resource
		ADDED from AndroidManifest.xml:32:20
	android:name
		ADDED from AndroidManifest.xml:31:20
activity#com.napontaratan.vibernate.MainActivity
ADDED from AndroidManifest.xml:34:9
	android:screenOrientation
		ADDED from AndroidManifest.xml:37:17
	android:label
		ADDED from AndroidManifest.xml:36:17
	android:configChanges
		ADDED from AndroidManifest.xml:38:17
	android:name
		ADDED from AndroidManifest.xml:35:17
intent-filter#android.intent.action.MAIN+android.intent.category.LAUNCHER
ADDED from AndroidManifest.xml:39:13
action#android.intent.action.MAIN
ADDED from AndroidManifest.xml:40:17
	android:name
		ADDED from AndroidManifest.xml:40:25
category#android.intent.category.LAUNCHER
ADDED from AndroidManifest.xml:41:17
	android:name
		ADDED from AndroidManifest.xml:41:27
activity#com.napontaratan.vibernate.CreateTimerActivity
ADDED from AndroidManifest.xml:44:9
	android:screenOrientation
		ADDED from AndroidManifest.xml:45:19
	android:configChanges
		ADDED from AndroidManifest.xml:46:19
	android:name
		ADDED from AndroidManifest.xml:44:19
activity#com.napontaratan.vibernate.VibernateTutorial
ADDED from AndroidManifest.xml:48:9
	android:screenOrientation
		ADDED from AndroidManifest.xml:49:19
	android:name
		ADDED from AndroidManifest.xml:48:19
receiver#com.napontaratan.vibernate.controller.SilentOnBroadcastReceiver
ADDED from AndroidManifest.xml:52:5
	android:name
		ADDED from AndroidManifest.xml:52:15
receiver#com.napontaratan.vibernate.controller.VibrateOnBroadcastReceiver
ADDED from AndroidManifest.xml:53:5
	android:name
		ADDED from AndroidManifest.xml:53:15
receiver#com.napontaratan.vibernate.controller.OffBroadcastReceiver
ADDED from AndroidManifest.xml:54:5
	android:name
		ADDED from AndroidManifest.xml:54:15
receiver#com.napontaratan.vibernate.controller.OnRebootBroadcastReceiver
ADDED from AndroidManifest.xml:55:5
	android:name
		ADDED from AndroidManifest.xml:55:15
intent-filter#android.intent.action.BOOT_COMPLETED
ADDED from AndroidManifest.xml:56:9
action#android.intent.action.BOOT_COMPLETED
ADDED from AndroidManifest.xml:57:13
	android:name
		ADDED from AndroidManifest.xml:57:21
activity#android.support.v7.widget.TestActivity
ADDED from com.android.support:recyclerview-v7:21.0.3:18:9
	android:label
		ADDED from com.android.support:recyclerview-v7:21.0.3:18:19
	android:name
		ADDED from com.android.support:recyclerview-v7:21.0.3:18:60